[2020-03-08 22:27:38] [ INFO] Checkpoint loading started...
[2020-03-08 22:27:38] [ INFO] Checkpoint loading finished!
[2020-03-08 22:29:22] [ INFO] Started backup of BIOHAZARD REVELATIONS. Title id: 0x000A0000.
[2020-03-08 22:29:25] [ERROR] Failed to open destination file /3ds/Checkpoint/saves/0x00A00 BIOHAZARD REVELATIONS//000.dat during copy with result 0xC8804478. Skipping...
[2020-03-08 22:29:25] [ERROR] Failed to open destination file /3ds/Checkpoint/saves/0x00A00 BIOHAZARD REVELATIONS//100.dat during copy with result 0xC8804478. Skipping...
[2020-03-08 22:29:25] [ INFO] Backup succeeded.
[2020-03-08 22:29:43] [ INFO] Started backup of BIOHAZARD REVELATIONS. Title id: 0x000A0000.
[2020-03-08 22:29:48] [ INFO] Backup succeeded.
[2020-03-08 22:30:47] [ INFO] Started backup of Xenoblade Chronicles 3D. Title id: 0x0F700000.
[2020-03-08 22:30:50] [ INFO] Backup succeeded.
[2020-03-08 22:32:09] [ INFO] Started backup of Ocarina of Time 3D. Title id: 0x0008F900.
[2020-03-08 22:32:12] [ INFO] Backup succeeded.
[2020-03-08 22:32:40] [ INFO] Started backup of ファイアーエムブレム　覚醒. Title id: 0x00072000.
[2020-03-08 22:32:43] [ INFO] Backup succeeded.
[2020-03-08 22:33:47] [ INFO] Started backup of Pokémon Y. Title id: 0x00055E00.
[2020-03-08 22:33:49] [ INFO] Backup succeeded.
[2020-03-08 22:34:34] [ INFO] Started backup of 善人シボウデス. Title id: 0x0005DE00.
[2020-03-08 22:34:39] [ INFO] Backup succeeded.
[2020-03-29 15:55:52] [ INFO] Checkpoint loading started...
[2020-03-29 15:55:52] [ INFO] Checkpoint loading finished!
[2020-03-29 15:56:40] [ INFO] Started backup of ファイアーエムブレム　覚醒. Title id: 0x00072000.
[2020-03-29 15:56:45] [ INFO] Backup succeeded.
[2020-04-04 12:24:04] [ INFO] Checkpoint loading started...
[2020-04-04 12:24:05] [ INFO] Checkpoint loading finished!
[2020-04-04 12:24:26] [ INFO] Started backup of ファイアーエムブレム　覚醒. Title id: 0x00072000.
[2020-04-04 12:24:29] [ INFO] Backup succeeded.
[2020-04-15 21:52:26] [ INFO] Checkpoint loading started...
[2020-04-15 21:52:26] [ INFO] Checkpoint loading finished!
[2020-04-15 21:53:00] [ INFO] Started backup of ファイアーエムブレム　覚醒. Title id: 0x00072000.
[2020-04-15 21:53:03] [ INFO] Backup succeeded.
[2022-01-22 20:21:14] [ INFO] Checkpoint loading started...
[2022-01-22 20:21:14] [ INFO] Checkpoint loading finished!
[2022-01-22 20:22:00] [ INFO] Found JEDEC: 0x0000000000FFFFFF
[2022-01-22 20:22:00] [ INFO] CardType (While inside maxTries loop): 0000000000000004
[2022-01-22 20:22:00] [ INFO] JEDEC ID not documented yet!
[2022-01-22 20:22:00] [ INFO] CardType (after the maxTries loop): 0000000000000001
[2022-01-22 20:22:00] [ INFO] Type: 2
[2022-01-22 20:22:44] [ INFO] Started backup of Pokémon Ultra Moon. Title id: 0x001B5100.
[2022-01-22 20:22:49] [ INFO] Backup succeeded.
[2023-07-23 22:12:54] [ INFO] Checkpoint loading started...
[2023-07-23 22:12:54] [ INFO] Checkpoint loading finished!
[2023-07-23 22:13:40] [ INFO] Found JEDEC: 0x0000000000FFFFFF
[2023-07-23 22:13:40] [ INFO] CardType (While inside maxTries loop): 0000000000000004
[2023-07-23 22:13:40] [ INFO] JEDEC ID not documented yet!
[2023-07-23 22:13:40] [ INFO] CardType (after the maxTries loop): 0000000000000001
[2023-07-23 22:13:40] [ INFO] Type: 3
[2023-07-23 22:14:53] [ INFO] Started backup of ブレイブリーデフォルトFtS. Title id: 0x000DB600.
[2023-07-23 22:14:58] [ INFO] Backup succeeded.
[2023-08-19 02:08:21] [ INFO] Checkpoint loading started...
[2023-08-19 02:08:21] [ INFO] Checkpoint loading finished!
[2023-08-19 02:08:40] [ INFO] Started backup of METALMAX4. Title id: 0x000AFD00.
[2023-08-19 02:08:47] [ INFO] Backup succeeded.
[2023-09-09 16:19:03] [ INFO] Checkpoint loading started...
[2023-09-09 16:19:03] [ INFO] Checkpoint loading finished!
[2023-09-09 16:19:20] [ INFO] Found JEDEC: 0x0000000000FFFFFF
[2023-09-09 16:19:20] [ INFO] CardType (While inside maxTries loop): 0000000000000004
[2023-09-09 16:19:20] [ INFO] JEDEC ID not documented yet!
[2023-09-09 16:19:20] [ INFO] CardType (after the maxTries loop): 0000000000000001
[2023-09-09 16:19:20] [ INFO] Type: 2
[2023-09-09 16:19:37] [ INFO] Started backup of METALMAX4. Title id: 0x000AFD00.
[2023-09-09 16:19:40] [ INFO] Backup succeeded.
